{
  "stats": {
    "suites": 2,
    "tests": 2,
    "passes": 2,
    "pending": 0,
    "failures": 0,
    "start": "2022-02-06T05:12:58.396Z",
    "end": "2022-02-06T05:13:06.414Z",
    "duration": 8018,
    "testsRegistered": 2,
    "passPercent": 100,
    "pendingPercent": 0,
    "other": 0,
    "hasOther": false,
    "skipped": 0,
    "hasSkipped": false
  },
  "results": [
    {
      "uuid": "df5891ef-c47b-4782-993d-a382e4cfa725",
      "title": "",
      "fullFile": "",
      "file": "",
      "beforeHooks": [],
      "afterHooks": [],
      "tests": [],
      "suites": [
        {
          "uuid": "947deb32-4fa2-4cf8-92b3-b0dca540d03f",
          "title": "add another todo tests",
          "fullFile": "/Users/michaelperron/Desktop/seleniumDemo/test/secondTest.js",
          "file": "/test/secondTest.js",
          "beforeHooks": [],
          "afterHooks": [],
          "tests": [
            {
              "title": "successfully adds another todo application",
              "fullTitle": "add another todo tests successfully adds another todo application",
              "timedOut": null,
              "duration": 7431,
              "state": "passed",
              "speed": "slow",
              "pass": true,
              "fail": false,
              "pending": false,
              "context": null,
              "code": "//async function example(){\n//launch the browser\nlet driver = await new Builder().forBrowser('firefox').build();\n//navigate to app location\nawait driver.get('https://lambdatest.github.io/sample-todo-app');\n//add a to-do\nawait driver\n  .findElement(By.id('sampletodotext'))\n  .sendKeys('Learn Selenium', Key.RETURN);\n//assert\nlet todoText = await driver\n  .findElement(By.xpath('//li[last()]'))\n  .getText()\n  .then(function (value) {\n    return value;\n  });\n//assert using node\n//assert.strictEqual(todoText, \"Learn Js\");\n//assert using chai should\ntodoText.should.equal('Learn Selenium');\n//close browser\nawait driver.quit();\n//};\n//example()",
              "err": {},
              "uuid": "b3b2d56f-fdc9-4b2c-b416-1f1a49dbba0d",
              "parentUUID": null,
              "isHook": false,
              "skipped": false
            }
          ],
          "suites": [],
          "passes": [
            "b3b2d56f-fdc9-4b2c-b416-1f1a49dbba0d"
          ],
          "failures": [],
          "pending": [],
          "skipped": [],
          "duration": 7431,
          "root": false,
          "rootEmpty": false,
          "_timeout": null
        },
        {
          "uuid": "3ce764e7-c7ee-4521-8d15-27b3e3ac5af0",
          "title": "add todo tests",
          "fullFile": "/Users/michaelperron/Desktop/seleniumDemo/test/firstTest.js",
          "file": "/test/firstTest.js",
          "beforeHooks": [],
          "afterHooks": [],
          "tests": [
            {
              "title": "successfully adds a todo application",
              "fullTitle": "add todo tests successfully adds a todo application",
              "timedOut": null,
              "duration": 7488,
              "state": "passed",
              "speed": "slow",
              "pass": true,
              "fail": false,
              "pending": false,
              "context": null,
              "code": "//async function example(){\n//launch the browser\nlet driver = await new Builder().forBrowser('firefox').build();\n//navigate to app location\nawait driver.get('https://lambdatest.github.io/sample-todo-app');\n//add a to-do\nawait driver\n  .findElement(By.id('sampletodotext'))\n  .sendKeys('Learn Selenium', Key.RETURN);\n//assert\nlet todoText = await driver\n  .findElement(By.xpath('//li[last()]'))\n  .getText()\n  .then(function (value) {\n    return value;\n  });\n//assert using node\n//assert.strictEqual(todoText, \"Learn Js\");\n//assert using chai should\ntodoText.should.equal('Learn Selenium');\n//close browser\nawait driver.quit();\n//};\n//example()",
              "err": {},
              "uuid": "9bac3646-51c5-4f0a-8f81-5cabb529bfdb",
              "parentUUID": null,
              "isHook": false,
              "skipped": false
            }
          ],
          "suites": [],
          "passes": [
            "9bac3646-51c5-4f0a-8f81-5cabb529bfdb"
          ],
          "failures": [],
          "pending": [],
          "skipped": [],
          "duration": 7488,
          "root": false,
          "rootEmpty": false,
          "_timeout": null
        }
      ],
      "passes": [],
      "failures": [],
      "pending": [],
      "skipped": [],
      "duration": 0,
      "root": true,
      "rootEmpty": true,
      "_timeout": 0
    }
  ],
  "meta": {
    "mocha": {
      "version": "9.2.0"
    },
    "mochawesome": {
      "options": {
        "quiet": false,
        "reportFilename": "mochawesome",
        "saveHtml": true,
        "saveJson": true,
        "consoleReporter": "spec",
        "useInlineDiffs": false,
        "code": true
      },
      "version": "7.0.1"
    },
    "marge": {
      "options": null,
      "version": "6.0.1"
    }
  }
}